<?xml version="1.0" encoding="UTF-8"?>
<!-- Generated by org.testng.reporters.JUnitReportReporter -->
<testsuite hostname="DESKTOP-LP31L2F" failures="0" tests="1" name="tests.LoginTest" time="94.677" errors="0" timestamp="2024-01-18T11:55:33 IST" skipped="0">
  <testcase classname="tests.LoginTest" name="setup" time="94.677"/>
</testsuite> <!-- tests.LoginTest -->
